<?xml version="1.0" encoding="UTF-8"?>
<testsuite xmlns:xsi="http://www.w3.org/2001/XMLSchema-instance" xsi:schemaLocation="https://maven.apache.org/surefire/maven-surefire-plugin/xsd/surefire-test-report.xsd" name="TestRunner.TestRunner" time="8.806" tests="1" errors="1" skipped="0" failures="0">
  <properties>
[...]
</properties>
  <testcase name="Sanity Test" classname="Sanity Test" time="8.338">
    <error message="session not created: This version of ChromeDriver only supports Chrome version 85&#10;Build info: version: &apos;3.141.59&apos;, revision: &apos;e82be7d358&apos;, time: &apos;2018-11-14T08:17:03&apos;&#10;System info: host: &apos;LIN55000449&apos;, ip: &apos;192.168.0.178&apos;, os.name: &apos;Windows 10&apos;, os.arch: &apos;amd64&apos;, os.version: &apos;10.0&apos;, java.version: &apos;11.0.4&apos;&#10;Driver info: driver.version: ChromeDriver&#10;remote stacktrace: Backtrace:&#10;	Ordinal0 [0x00ACD383+3134339]&#10;	Ordinal0 [0x009BA171+2007409]&#10;	Ordinal0 [0x0085AEE8+569064]&#10;	Ordinal0 [0x007E139F+70559]&#10;	Ordinal0 [0x007DCC63+52323]&#10;	Ordinal0 [0x00800DFC+200188]&#10;	Ordinal0 [0x00800C1D+199709]&#10;	Ordinal0 [0x007FEB0B+191243]&#10;	Ordinal0 [0x007E2E77+77431]&#10;	Ordinal0 [0x007E3E3E+81470]&#10;	Ordinal0 [0x007E3DC9+81353]&#10;	Ordinal0 [0x009D0CD9+2100441]&#10;	GetHandleVerifier [0x00C3B75A+1396954]&#10;	GetHandleVerifier [0x00C3B3D9+1396057]&#10;	GetHandleVerifier [0x00C47126+1444518]&#10;	GetHandleVerifier [0x00C3BCE8+1398376]&#10;	Ordinal0 [0x009C7F51+2064209]&#10;	Ordinal0 [0x009D22EB+2106091]&#10;	Ordinal0 [0x009D2411+2106385]&#10;	Ordinal0 [0x009E49C4+2181572]&#10;	BaseThreadInitThunk [0x759EFA29+25]&#10;	RtlGetAppContainerNamedObjectPath [0x773B7A9E+286]&#10;	RtlGetAppContainerNamedObjectPath [0x773B7A6E+238]&#10;" type="org.openqa.selenium.SessionNotCreatedException">org.openqa.selenium.SessionNotCreatedException: 
session not created: This version of ChromeDriver only supports Chrome version 85
Build info: version: '3.141.59', revision: 'e82be7d358', time: '2018-11-14T08:17:03'
System info: host: 'LIN55000449', ip: '192.168.0.178', os.name: 'Windows 10', os.arch: 'amd64', os.version: '10.0', java.version: '11.0.4'
Driver info: driver.version: ChromeDriver
remote stacktrace: Backtrace:
	Ordinal0 [0x00ACD383+3134339]
	Ordinal0 [0x009BA171+2007409]
	Ordinal0 [0x0085AEE8+569064]
	Ordinal0 [0x007E139F+70559]
	Ordinal0 [0x007DCC63+52323]
	Ordinal0 [0x00800DFC+200188]
	Ordinal0 [0x00800C1D+199709]
	Ordinal0 [0x007FEB0B+191243]
	Ordinal0 [0x007E2E77+77431]
	Ordinal0 [0x007E3E3E+81470]
	Ordinal0 [0x007E3DC9+81353]
	Ordinal0 [0x009D0CD9+2100441]
	GetHandleVerifier [0x00C3B75A+1396954]
	GetHandleVerifier [0x00C3B3D9+1396057]
	GetHandleVerifier [0x00C47126+1444518]
	GetHandleVerifier [0x00C3BCE8+1398376]
	Ordinal0 [0x009C7F51+2064209]
	Ordinal0 [0x009D22EB+2106091]
	Ordinal0 [0x009D2411+2106385]
	Ordinal0 [0x009E49C4+2181572]
	BaseThreadInitThunk [0x759EFA29+25]
	RtlGetAppContainerNamedObjectPath [0x773B7A9E+286]
	RtlGetAppContainerNamedObjectPath [0x773B7A6E+238]

</error>
    <system-out><![CDATA[
@Sanity
Scenario: Sanity Test     &amp#27;[90m# ChromeDriver/Features/SanityTest.feature:3&amp#27;[0m
Hello World!
  &amp#27;[31mGiven &amp#27;[0m&amp#27;[31mUser launches URL&amp#27;[0m &amp#27;[90m# stepDefinition.myStepDef.userLaunchesURL()&amp#27;[0m
      &amp#27;[31morg.openqa.selenium.SessionNotCreatedException: session not created: This version of ChromeDriver only supports Chrome version 85
Build info: version: '3.141.59', revision: 'e82be7d358', time: '2018-11-14T08:17:03'
System info: host: 'LIN55000449', ip: '192.168.0.178', os.name: 'Windows 10', os.arch: 'amd64', os.version: '10.0', java.version: '11.0.4'
Driver info: driver.version: ChromeDriver
remote stacktrace: Backtrace:
	Ordinal0 [0x00ACD383+3134339]
	Ordinal0 [0x009BA171+2007409]
	Ordinal0 [0x0085AEE8+569064]
	Ordinal0 [0x007E139F+70559]
	Ordinal0 [0x007DCC63+52323]
	Ordinal0 [0x00800DFC+200188]
	Ordinal0 [0x00800C1D+199709]
	Ordinal0 [0x007FEB0B+191243]
	Ordinal0 [0x007E2E77+77431]
	Ordinal0 [0x007E3E3E+81470]
	Ordinal0 [0x007E3DC9+81353]
	Ordinal0 [0x009D0CD9+2100441]
	GetHandleVerifier [0x00C3B75A+1396954]
	GetHandleVerifier [0x00C3B3D9+1396057]
	GetHandleVerifier [0x00C47126+1444518]
	GetHandleVerifier [0x00C3BCE8+1398376]
	Ordinal0 [0x009C7F51+2064209]
	Ordinal0 [0x009D22EB+2106091]
	Ordinal0 [0x009D2411+2106385]
	Ordinal0 [0x009E49C4+2181572]
	BaseThreadInitThunk [0x759EFA29+25]
	RtlGetAppContainerNamedObjectPath [0x773B7A9E+286]
	RtlGetAppContainerNamedObjectPath [0x773B7A6E+238]

	at java.base/jdk.internal.reflect.NativeConstructorAccessorImpl.newInstance0(Native Method)
	at java.base/jdk.internal.reflect.NativeConstructorAccessorImpl.newInstance(NativeConstructorAccessorImpl.java:62)
	at java.base/jdk.internal.reflect.DelegatingConstructorAccessorImpl.newInstance(DelegatingConstructorAccessorImpl.java:45)
	at java.base/java.lang.reflect.Constructor.newInstance(Constructor.java:490)
	at org.openqa.selenium.remote.W3CHandshakeResponse.lambda$errorHandler$0(W3CHandshakeResponse.java:62)
	at org.openqa.selenium.remote.HandshakeResponse.lambda$getResponseFunction$0(HandshakeResponse.java:30)
	at org.openqa.selenium.remote.ProtocolHandshake.lambda$createSession$0(ProtocolHandshake.java:126)
	at java.base/java.util.stream.ReferencePipeline$3$1.accept(ReferencePipeline.java:195)
	at java.base/java.util.Spliterators$ArraySpliterator.tryAdvance(Spliterators.java:958)
	at java.base/java.util.stream.ReferencePipeline.forEachWithCancel(ReferencePipeline.java:127)
	at java.base/java.util.stream.AbstractPipeline.copyIntoWithCancel(AbstractPipeline.java:502)
	at java.base/java.util.stream.AbstractPipeline.copyInto(AbstractPipeline.java:488)
	at java.base/java.util.stream.AbstractPipeline.wrapAndCopyInto(AbstractPipeline.java:474)
	at java.base/java.util.stream.FindOps$FindOp.evaluateSequential(FindOps.java:150)
	at java.base/java.util.stream.AbstractPipeline.evaluate(AbstractPipeline.java:234)
	at java.base/java.util.stream.ReferencePipeline.findFirst(ReferencePipeline.java:543)
	at org.openqa.selenium.remote.ProtocolHandshake.createSession(ProtocolHandshake.java:128)
	at org.openqa.selenium.remote.ProtocolHandshake.createSession(ProtocolHandshake.java:74)
	at org.openqa.selenium.remote.HttpCommandExecutor.execute(HttpCommandExecutor.java:136)
	at org.openqa.selenium.remote.service.DriverCommandExecutor.execute(DriverCommandExecutor.java:83)
	at org.openqa.selenium.remote.RemoteWebDriver.execute(RemoteWebDriver.java:552)
	at org.openqa.selenium.remote.RemoteWebDriver.startSession(RemoteWebDriver.java:213)
	at org.openqa.selenium.remote.RemoteWebDriver.<init>(RemoteWebDriver.java:131)
	at org.openqa.selenium.chrome.ChromeDriver.<init>(ChromeDriver.java:181)
	at org.openqa.selenium.chrome.ChromeDriver.<init>(ChromeDriver.java:168)
	at org.openqa.selenium.chrome.ChromeDriver.<init>(ChromeDriver.java:123)
	at stepDefinition.myStepDef.userLaunchesURL(myStepDef.java:72)
	at ?.User launches URL(file:///C:/VishwanathChenni/AWS/SampleTestProject/claculatortest/ChromeDriver/Features/SanityTest.feature:4)
&amp#27;[0m
]]></system-out>
    <system-err><![CDATA[Aug 10, 2022 6:00:13 PM io.cucumber.junit.Cucumber <init>
WARNING: By default Cucumber is running in --non-strict mode.
This default will change to --strict and --non-strict will be removed.
You can use --strict or @CucumberOptions(strict = true) to suppress this warning
Starting ChromeDriver 85.0.4183.87 (cd6713ebf92fa1cacc0f1a598df280093af0c5d7-refs/branch-heads/4183@{#1689}) on port 2150
Only local connections are allowed.
Please see https://chromedriver.chromium.org/security-considerations for suggestions on keeping ChromeDriver safe.
ChromeDriver was started successfully.
]]></system-err>
  </testcase>
</testsuite>